<?xml version="1.0" encoding="UTF-8"?>
<!-- Generated by org.testng.reporters.JUnitReportReporter -->
<testsuite skipped="0" hostname="STP-R90Z23DY" name="scripts._17_TGStaticTableTest" tests="4" failures="0" timestamp="2023-06-21T16:58:31 CDT" time="24.772" errors="0">
  <testcase name="validateLastColumn" time="5.936" classname="scripts._17_TGStaticTableTest"/>
  <system-out/>
  <testcase name="validateTableHeader" time="6.580" classname="scripts._17_TGStaticTableTest"/>
  <system-out/>
  <testcase name="validateFirstRow" time="6.119" classname="scripts._17_TGStaticTableTest"/>
  <system-out/>
  <testcase name="validateEachCell" time="6.137" classname="scripts._17_TGStaticTableTest"/>
  <system-out/>
</testsuite> <!-- scripts._17_TGStaticTableTest -->
