<?xml version="1.0" encoding="UTF-8"?>
<!-- Generated by org.testng.reporters.JUnitReportReporter -->
<testsuite skipped="0" hostname="STP-R90Z23DY" name="scripts._11_TGDropdownTest" tests="4" failures="0" timestamp="2023-06-01T19:29:27 CDT" time="57.346" errors="0">
  <testcase name="shipmentTypeTest" time="40.661" classname="scripts._11_TGDropdownTest"/>
  <system-out/>
  <testcase name="validateDropdownFunctionalityTest" time="6.193" classname="scripts._11_TGDropdownTest"/>
  <system-out/>
  <testcase name="productDropdownTest" time="3.919" classname="scripts._11_TGDropdownTest"/>
  <system-out/>
  <testcase name="colorDropdownTest" time="6.573" classname="scripts._11_TGDropdownTest"/>
  <system-out/>
</testsuite> <!-- scripts._11_TGDropdownTest -->
