<?xml version="1.0" encoding="UTF-8"?>
<!-- Generated by org.testng.reporters.JUnitReportReporter -->
<testsuite skipped="0" hostname="STP-R90Z23DY" name="scripts._07_TGDynamicTest" tests="3" failures="0" timestamp="2023-06-21T16:58:31 CDT" time="21.676" errors="0">
  <testcase name="validateDynamicElementBox1" time="4.842" classname="scripts._07_TGDynamicTest"/>
  <system-out/>
  <testcase name="validateDynamicElementBox2" time="10.990" classname="scripts._07_TGDynamicTest"/>
  <system-out/>
  <testcase name="validateBoxes" time="5.844" classname="scripts._07_TGDynamicTest"/>
  <system-out/>
</testsuite> <!-- scripts._07_TGDynamicTest -->
