<?xml version="1.0" encoding="UTF-8"?>
<!-- Generated by org.testng.reporters.JUnitReportReporter -->
<testsuite skipped="0" hostname="STP-R90Z23DY" name="scripts._13_IFrameTest" tests="2" failures="0" timestamp="2023-06-21T16:58:31 CDT" time="10.277" errors="0">
  <testcase name="validateTheParagraph" time="2.795" classname="scripts._13_IFrameTest"/>
  <system-out/>
  <testcase name="validateTheFormSubmission" time="7.482" classname="scripts._13_IFrameTest"/>
  <system-out/>
</testsuite> <!-- scripts._13_IFrameTest -->
