<?xml version="1.0" encoding="UTF-8"?>
<!-- Generated by org.testng.reporters.JUnitReportReporter -->
<testsuite skipped="0" hostname="STP-R90Z23DY" name="scripts._02_AppleTest" tests="1" failures="0" timestamp="2023-06-21T16:58:31 CDT" time="8.742" errors="0">
  <testcase name="validateTitleAndURL" time="8.742" classname="scripts._02_AppleTest"/>
  <system-out/>
</testsuite> <!-- scripts._02_AppleTest -->
