<?xml version="1.0" encoding="UTF-8"?>
<!-- Generated by org.testng.reporters.JUnitReportReporter -->
<testsuite skipped="0" hostname="STP-R90Z23DY" name="scripts._10_TGRadioButtonsTest" tests="1" failures="0" timestamp="2023-06-21T16:58:31 CDT" time="6.111" errors="0">
  <testcase name="validateRadioButtons" time="6.111" classname="scripts._10_TGRadioButtonsTest"/>
  <system-out/>
</testsuite> <!-- scripts._10_TGRadioButtonsTest -->
