<?xml version="1.0" encoding="UTF-8"?>
<!-- Generated by org.testng.reporters.JUnitReportReporter -->
<testsuite skipped="0" hostname="STP-R90Z23DY" name="scripts._09_TGCheckboxTest" tests="2" failures="0" timestamp="2023-06-01T19:29:27 CDT" time="8.815" errors="0">
  <testcase name="validateAllCheckboxes" time="4.397" classname="scripts._09_TGCheckboxTest"/>
  <system-out/>
  <testcase name="validateOtherBoxes" time="4.418" classname="scripts._09_TGCheckboxTest"/>
  <system-out/>
</testsuite> <!-- scripts._09_TGCheckboxTest -->
