<?xml version="1.0" encoding="UTF-8"?>
<!-- Generated by org.testng.reporters.JUnitReportReporter -->
<testsuite skipped="0" hostname="STP-R90Z23DY" name="scripts._15_TGFileUpload" tests="1" failures="0" timestamp="2023-06-21T16:58:31 CDT" time="6.183" errors="0">
  <testcase name="basicFileUpload" time="6.183" classname="scripts._15_TGFileUpload"/>
  <system-out/>
</testsuite> <!-- scripts._15_TGFileUpload -->
