<?xml version="1.0" encoding="UTF-8"?>
<!-- Generated by org.testng.reporters.JUnitReportReporter -->
<testsuite skipped="0" hostname="STP-R90Z23DY" name="scripts._01_GoogleTest" tests="4" failures="0" timestamp="2023-06-01T19:29:27 CDT" time="68.360" errors="0">
  <testcase name="validateSearchButton" time="10.459" classname="scripts._01_GoogleTest"/>
  <system-out/>
  <testcase name="validateNavigation" time="29.223" classname="scripts._01_GoogleTest"/>
  <system-out/>
  <testcase name="validateTitleAndURL" time="9.937" classname="scripts._01_GoogleTest"/>
  <system-out/>
  <testcase name="validateSearchBar" time="18.741" classname="scripts._01_GoogleTest"/>
  <system-out/>
</testsuite> <!-- scripts._01_GoogleTest -->
