<?xml version="1.0" encoding="UTF-8"?>
<!-- Generated by org.testng.reporters.JUnitReportReporter -->
<testsuite skipped="0" hostname="STP-R90Z23DY" name="scripts._04_TGLocators2" tests="3" failures="0" timestamp="2023-06-21T16:58:31 CDT" time="19.336" errors="0">
  <testcase name="validateListHeaders" time="6.632" classname="scripts._04_TGLocators2"/>
  <system-out/>
  <testcase name="validateLanguages" time="6.262" classname="scripts._04_TGLocators2"/>
  <system-out/>
  <testcase name="validateTools" time="6.442" classname="scripts._04_TGLocators2"/>
  <system-out/>
</testsuite> <!-- scripts._04_TGLocators2 -->
