<?xml version="1.0" encoding="UTF-8"?>
<!-- Generated by org.testng.reporters.JUnitReportReporter -->
<testsuite skipped="0" hostname="STP-R90Z23DY" name="scripts._12_TGAlertsTest" tests="3" failures="0" timestamp="2023-06-21T16:58:31 CDT" time="34.329" errors="0">
  <testcase name="warningAlert" time="9.635" classname="scripts._12_TGAlertsTest"/>
  <system-out/>
  <testcase name="confirmationAlert" time="17.734" classname="scripts._12_TGAlertsTest"/>
  <system-out/>
  <testcase name="promptAlertTest" time="6.960" classname="scripts._12_TGAlertsTest"/>
  <system-out/>
</testsuite> <!-- scripts._12_TGAlertsTest -->
