<?xml version="1.0" encoding="UTF-8"?>
<!-- Generated by org.testng.reporters.JUnitReportReporter -->
<testsuite skipped="0" hostname="STP-R90Z23DY" name="scripts._11_TGDropdownsTest" tests="4" failures="0" timestamp="2023-06-21T16:58:31 CDT" time="32.230" errors="0">
  <testcase name="shipmentType" time="7.719" classname="scripts._11_TGDropdownsTest"/>
  <system-out/>
  <testcase name="validateDropdowns" time="8.155" classname="scripts._11_TGDropdownsTest"/>
  <system-out/>
  <testcase name="colorDropdownTest" time="7.930" classname="scripts._11_TGDropdownsTest"/>
  <system-out/>
  <testcase name="productDropdownTest" time="8.426" classname="scripts._11_TGDropdownsTest"/>
  <system-out/>
</testsuite> <!-- scripts._11_TGDropdownsTest -->
