<?xml version="1.0" encoding="UTF-8"?>
<!-- Generated by org.testng.reporters.JUnitReportReporter -->
<testsuite skipped="0" hostname="STP-R90Z23DY" name="scripts._05_FacebookTest" tests="1" failures="0" timestamp="2023-06-21T16:58:31 CDT" time="11.474" errors="0">
  <testcase name="validateFacebookInvalidLoginAttempt" time="11.474" classname="scripts._05_FacebookTest"/>
  <system-out/>
</testsuite> <!-- scripts._05_FacebookTest -->
