<?xml version="1.0" encoding="UTF-8"?>
<!-- Generated by org.testng.reporters.JUnitReportReporter -->
<testsuite skipped="0" hostname="STP-R90Z23DY" name="scripts._03_5_TGLogoTest" tests="1" failures="0" timestamp="2023-06-21T16:58:31 CDT" time="5.044" errors="0">
  <testcase name="validateTechGlobalLogo" time="5.044" classname="scripts._03_5_TGLogoTest"/>
  <system-out/>
</testsuite> <!-- scripts._03_5_TGLogoTest -->
