<?xml version="1.0" encoding="UTF-8"?>
<!-- Generated by org.testng.reporters.JUnitReportReporter -->
<testsuite skipped="0" hostname="STP-R90Z23DY" name="scripts._16_TGFileDownload" tests="1" failures="0" timestamp="2023-06-21T16:58:31 CDT" time="5.926" errors="0">
  <testcase name="validateFileDownload" time="5.926" classname="scripts._16_TGFileDownload"/>
  <system-out/>
</testsuite> <!-- scripts._16_TGFileDownload -->
