<?xml version="1.0" encoding="UTF-8"?>
<!-- Generated by org.testng.reporters.JUnitReportReporter -->
<testsuite skipped="0" hostname="STP-R90Z23DY" name="scripts._09_TGCheckboxTest" tests="2" failures="0" timestamp="2023-06-21T16:58:31 CDT" time="12.998" errors="0">
  <testcase name="validateAllCheckboxes" time="6.002" classname="scripts._09_TGCheckboxTest"/>
  <system-out/>
  <testcase name="validateOtherBoxes" time="6.996" classname="scripts._09_TGCheckboxTest"/>
  <system-out/>
</testsuite> <!-- scripts._09_TGCheckboxTest -->
