<?xml version="1.0" encoding="UTF-8"?>
<!-- Generated by org.testng.reporters.JUnitReportReporter -->
<testsuite skipped="0" hostname="STP-R90Z23DY" name="scripts._12_TGAlertsTest" tests="3" failures="0" timestamp="2023-06-01T19:29:27 CDT" time="35.532" errors="0">
  <testcase name="promptAlertTest" time="7.072" classname="scripts._12_TGAlertsTest"/>
  <system-out/>
  <testcase name="warningAlert" time="9.997" classname="scripts._12_TGAlertsTest"/>
  <system-out/>
  <testcase name="confirmationAlert" time="18.463" classname="scripts._12_TGAlertsTest"/>
  <system-out/>
</testsuite> <!-- scripts._12_TGAlertsTest -->
