<?xml version="1.0" encoding="UTF-8"?>
<!-- Generated by org.testng.reporters.JUnitReportReporter -->
<testsuite skipped="0" hostname="STP-R90Z23DY" name="scripts._05_FacebookTest" tests="2" failures="0" timestamp="2023-06-01T19:29:27 CDT" time="18.278" errors="0">
  <testcase name="validateFacebookLoginForm" time="6.037" classname="scripts._05_FacebookTest"/>
  <system-out/>
  <testcase name="validateFacebookInvalidLoginAttempt" time="12.241" classname="scripts._05_FacebookTest"/>
  <system-out/>
</testsuite> <!-- scripts._05_FacebookTest -->
