<?xml version="1.0" encoding="UTF-8"?>
<!-- Generated by org.testng.reporters.JUnitReportReporter -->
<testsuite skipped="0" hostname="STP-R90Z23DY" name="scripts._08_TGWaitsTest" tests="2" failures="0" timestamp="2023-06-01T19:29:27 CDT" time="54.306" errors="0">
  <testcase name="validateWaitRedBox" time="14.686" classname="scripts._08_TGWaitsTest"/>
  <system-out/>
  <testcase name="validateWaitBlueBox" time="39.620" classname="scripts._08_TGWaitsTest"/>
  <system-out/>
</testsuite> <!-- scripts._08_TGWaitsTest -->
