<?xml version="1.0" encoding="UTF-8"?>
<!-- Generated by org.testng.reporters.JUnitReportReporter -->
<testsuite skipped="0" hostname="STP-R90Z23DY" name="scripts._07_TGDynamicTest" tests="3" failures="0" timestamp="2023-06-01T19:29:27 CDT" time="13.826" errors="0">
  <testcase name="validateBoxes" time="4.564" classname="scripts._07_TGDynamicTest"/>
  <system-out/>
  <testcase name="validateDynamicElementBox1" time="3.795" classname="scripts._07_TGDynamicTest"/>
  <system-out/>
  <testcase name="validateDynamicElementBox2" time="5.467" classname="scripts._07_TGDynamicTest"/>
  <system-out/>
</testsuite> <!-- scripts._07_TGDynamicTest -->
